#-----------------------------------------------------------
# Vivado v2018.3 (64-bit)
# SW Build 2405991 on Thu Dec  6 23:38:27 MST 2018
# IP Build 2404404 on Fri Dec  7 01:43:56 MST 2018
# Start of session at: Wed May  8 07:27:40 2019
# Process ID: 29140
# Current directory: E:/Learn/College/lab06_board
# Command line: vivado.exe -gui_launcher_event rodinguilauncherevent14248 E:\Learn\College\lab06_board\lab06.xpr
# Log file: E:/Learn/College/lab06_board/vivado.log
# Journal file: E:/Learn/College/lab06_board\vivado.jou
#-----------------------------------------------------------
start_gui
open_project E:/Learn/College/lab06_board/lab06.xpr
Scanning sources...
Finished scanning sources
INFO: [IP_Flow 19-234] Refreshing IP repositories
INFO: [IP_Flow 19-1704] No user IP repositories specified
INFO: [IP_Flow 19-2313] Loaded Vivado IP repository 'F:/Xilinx/Vivado/2018.3/data/ip'.
open_project: Time (s): cpu = 00:00:15 ; elapsed = 00:00:15 . Memory (MB): peak = 701.090 ; gain = 114.805
update_compile_order -fileset sources_1
launch_simulation
INFO: [Vivado 12-5682] Launching behavioral simulation in 'E:/Learn/College/lab06_board/lab06.sim/sim_1/behav/xsim'
INFO: [SIM-utils-51] Simulation object is 'sim_1'
INFO: [SIM-utils-54] Inspecting design source files for 'top_tb' in fileset 'sim_1'...
INFO: [USF-XSim-97] Finding global include files...
INFO: [USF-XSim-98] Fetching design files from 'sim_1'...
INFO: [USF-XSim-2] XSim::Compile design
INFO: [USF-XSim-61] Executing 'COMPILE and ANALYZE' step in 'E:/Learn/College/lab06_board/lab06.sim/sim_1/behav/xsim'
"xvlog --incr --relax -prj top_tb_vlog.prj"
INFO: [VRFC 10-2263] Analyzing Verilog file "E:/Learn/College/lab06_board/lab06.srcs/sources_1/new/Detect.v" into library xil_defaultlib
INFO: [VRFC 10-311] analyzing module Detect
INFO: [VRFC 10-2263] Analyzing Verilog file "E:/Learn/College/lab06_board/lab06.srcs/sources_1/new/EX.v" into library xil_defaultlib
INFO: [VRFC 10-311] analyzing module EX
INFO: [VRFC 10-2263] Analyzing Verilog file "E:/Learn/College/lab06_board/lab06.srcs/sources_1/new/EXMEM.v" into library xil_defaultlib
INFO: [VRFC 10-311] analyzing module EXMEM
INFO: [VRFC 10-2263] Analyzing Verilog file "E:/Learn/College/lab06_board/lab06.srcs/sources_1/new/ID.v" into library xil_defaultlib
INFO: [VRFC 10-311] analyzing module ID
INFO: [VRFC 10-2263] Analyzing Verilog file "E:/Learn/College/lab06_board/lab06.srcs/sources_1/new/IDEX.v" into library xil_defaultlib
INFO: [VRFC 10-311] analyzing module IDEX
INFO: [VRFC 10-2263] Analyzing Verilog file "E:/Learn/College/lab06_board/lab06.srcs/sources_1/new/IF.v" into library xil_defaultlib
INFO: [VRFC 10-311] analyzing module IF
INFO: [VRFC 10-2263] Analyzing Verilog file "E:/Learn/College/lab06_board/lab06.srcs/sources_1/new/IFID.v" into library xil_defaultlib
INFO: [VRFC 10-311] analyzing module IFID
INFO: [VRFC 10-2263] Analyzing Verilog file "E:/Learn/College/lab06_board/lab06.srcs/sources_1/new/MEM.v" into library xil_defaultlib
INFO: [VRFC 10-311] analyzing module MEM
INFO: [VRFC 10-2263] Analyzing Verilog file "E:/Learn/College/lab06_board/lab06.srcs/sources_1/new/MEMWB.v" into library xil_defaultlib
INFO: [VRFC 10-311] analyzing module MEMWB
INFO: [VRFC 10-2263] Analyzing Verilog file "E:/Learn/College/lab06_board/lab06.srcs/sources_1/new/WB.v" into library xil_defaultlib
INFO: [VRFC 10-311] analyzing module WB
INFO: [VRFC 10-2263] Analyzing Verilog file "E:/Learn/College/lab06_board/lab06.srcs/sources_1/new/top.v" into library xil_defaultlib
INFO: [VRFC 10-311] analyzing module top
INFO: [VRFC 10-2263] Analyzing Verilog file "E:/Learn/College/lab06_board/lab06.srcs/sim_1/new/top_tb.v" into library xil_defaultlib
INFO: [VRFC 10-311] analyzing module top_tb
INFO: [USF-XSim-69] 'compile' step finished in '3' seconds
INFO: [USF-XSim-3] XSim::Elaborate design
INFO: [USF-XSim-61] Executing 'ELABORATE' step in 'E:/Learn/College/lab06_board/lab06.sim/sim_1/behav/xsim'
Vivado Simulator 2018.3
Copyright 1986-1999, 2001-2018 Xilinx, Inc. All Rights Reserved.
Running: F:/Xilinx/Vivado/2018.3/bin/unwrapped/win64.o/xelab.exe -wto bcfd35351c8a47e6b4d8717dfbe277e6 --incr --debug typical --relax --mt 2 -L xil_defaultlib -L unisims_ver -L unimacro_ver -L secureip --snapshot top_tb_behav xil_defaultlib.top_tb xil_defaultlib.glbl -log elaborate.log 
Using 2 slave threads.
Starting static elaboration
Completed static elaboration
Starting simulation data flow analysis
Completed simulation data flow analysis
Time Resolution for simulation is 1ps
Compiling module xil_defaultlib.Detect
Compiling module xil_defaultlib.IF
Compiling module xil_defaultlib.ID
Compiling module xil_defaultlib.EX
Compiling module xil_defaultlib.MEM
Compiling module xil_defaultlib.WB
Compiling module xil_defaultlib.IFID
Compiling module xil_defaultlib.IDEX
Compiling module xil_defaultlib.EXMEM
Compiling module xil_defaultlib.MEMWB
Compiling module xil_defaultlib.top
Compiling module xil_defaultlib.top_tb
Compiling module xil_defaultlib.glbl
Built simulation snapshot top_tb_behav

****** Webtalk v2018.3 (64-bit)
  **** SW Build 2405991 on Thu Dec  6 23:38:27 MST 2018
  **** IP Build 2404404 on Fri Dec  7 01:43:56 MST 2018
    ** Copyright 1986-2018 Xilinx, Inc. All Rights Reserved.

source E:/Learn/College/lab06_board/lab06.sim/sim_1/behav/xsim/xsim.dir/top_tb_behav/webtalk/xsim_webtalk.tcl -notrace
INFO: [Common 17-206] Exiting Webtalk at Wed May  8 07:29:06 2019...
run_program: Time (s): cpu = 00:00:01 ; elapsed = 00:00:08 . Memory (MB): peak = 705.656 ; gain = 0.000
INFO: [USF-XSim-69] 'elaborate' step finished in '9' seconds
INFO: [USF-XSim-4] XSim::Simulate design
INFO: [USF-XSim-61] Executing 'SIMULATE' step in 'E:/Learn/College/lab06_board/lab06.sim/sim_1/behav/xsim'
INFO: [USF-XSim-98] *** Running xsim
   with args "top_tb_behav -key {Behavioral:sim_1:Functional:top_tb} -tclbatch {top_tb.tcl} -view {E:/Learn/College/lab06_board/top_tb_behav.wcfg} -log {simulate.log}"
INFO: [USF-XSim-8] Loading simulator feature
Vivado Simulator 2018.3
Time resolution is 1 ps
open_wave_config E:/Learn/College/lab06_board/top_tb_behav.wcfg
source top_tb.tcl
# set curr_wave [current_wave_config]
# if { [string length $curr_wave] == 0 } {
#   if { [llength [get_objects]] > 0} {
#     add_wave /
#     set_property needs_save false [current_wave_config]
#   } else {
#      send_msg_id Add_Wave-1 WARNING "No top level signals found. Simulator will start without a wave window. If you want to open a wave window go to 'File->New Waveform Configuration' or type 'create_wave_config' in the TCL console."
#   }
# }
# run 1000ns
INFO: [USF-XSim-96] XSim completed. Design snapshot 'top_tb_behav' loaded.
INFO: [USF-XSim-97] XSim simulation ran for 1000ns
launch_simulation: Time (s): cpu = 00:00:10 ; elapsed = 00:00:17 . Memory (MB): peak = 772.973 ; gain = 67.316
reset_run synth_1
WARNING: [Vivado 12-1017] Problems encountered:
1. Failed to delete one or more files in run directory E:/Learn/College/lab06_board/lab06.runs/synth_1

launch_runs impl_1 -to_step write_bitstream -jobs 4
[Wed May  8 07:31:43 2019] Launched synth_1...
Run output will be captured here: E:/Learn/College/lab06_board/lab06.runs/synth_1/runme.log
[Wed May  8 07:31:43 2019] Launched impl_1...
Run output will be captured here: E:/Learn/College/lab06_board/lab06.runs/impl_1/runme.log
run 1000ns
open_hw
connect_hw_server
INFO: [Labtools 27-2285] Connecting to hw_server url TCP:localhost:3121
INFO: [Labtools 27-2222] Launching hw_server...
INFO: [Labtools 27-2221] Launch Output:

****** Xilinx hw_server v2018.3
  **** Build date : Dec  7 2018-00:40:27
    ** Copyright 1986-2018 Xilinx, Inc. All Rights Reserved.


open_hw_target
INFO: [Labtoolstcl 44-466] Opening hw_target localhost:3121/xilinx_tcf/Digilent/201612300081
current_hw_device [get_hw_devices xc7k325t_0]
refresh_hw_device -update_hw_probes false [lindex [get_hw_devices xc7k325t_0] 0]
INFO: [Labtools 27-1434] Device xc7k325t (JTAG device index = 0) is programmed with a design that has no supported debug core(s) in it.
set_property PROBES.FILE {} [get_hw_devices xc7k325t_0]
set_property FULL_PROBES.FILE {} [get_hw_devices xc7k325t_0]
set_property PROGRAM.FILE {E:/Learn/College/lab06_board/lab06.runs/impl_1/top2.bit} [get_hw_devices xc7k325t_0]
program_hw_devices [get_hw_devices xc7k325t_0]
ERROR: [Labtools 27-3303] Incorrect bitstream assigned to device. Bitfile is incompatible for this device.
INFO: [Labtools 27-3164] End of startup status: HIGH
ERROR: [Common 17-39] 'program_hw_devices' failed due to earlier errors.
ERROR: [Labtoolstcl 44-513] HW Target shutdown. Closing target: localhost:3121/xilinx_tcf/Digilent/201612300081
close_sim
INFO: [Simtcl 6-16] Simulation closed
close_sim: Time (s): cpu = 00:00:01 ; elapsed = 00:00:07 . Memory (MB): peak = 1871.137 ; gain = 0.000
exit
INFO: [Common 17-206] Exiting Vivado at Wed May  8 07:37:58 2019...
