#-----------------------------------------------------------
# Vivado v2018.3 (64-bit)
# SW Build 2405991 on Thu Dec  6 23:38:27 MST 2018
# IP Build 2404404 on Fri Dec  7 01:43:56 MST 2018
# Start of session at: Sun May  5 08:06:19 2019
# Process ID: 9628
# Current directory: E:/Learn/College/lab06_board
# Command line: vivado.exe -gui_launcher_event rodinguilauncherevent27544 E:\Learn\College\lab06_board\lab06.xpr
# Log file: E:/Learn/College/lab06_board/vivado.log
# Journal file: E:/Learn/College/lab06_board\vivado.jou
#-----------------------------------------------------------
start_gui
open_project E:/Learn/College/lab06_board/lab06.xpr
INFO: [Project 1-313] Project file moved from 'E:/Learn/College/lab06' since last save.
Scanning sources...
Finished scanning sources
INFO: [IP_Flow 19-234] Refreshing IP repositories
INFO: [IP_Flow 19-1704] No user IP repositories specified
INFO: [IP_Flow 19-2313] Loaded Vivado IP repository 'F:/Xilinx/Vivado/2018.3/data/ip'.
open_project: Time (s): cpu = 00:00:12 ; elapsed = 00:00:05 . Memory (MB): peak = 686.184 ; gain = 78.945
update_compile_order -fileset sources_1
close [ open E:/Learn/College/lab06_board/lab06.srcs/sources_1/new/top2.v w ]
add_files E:/Learn/College/lab06_board/lab06.srcs/sources_1/new/top2.v
update_compile_order -fileset sources_1
update_compile_order -fileset sources_1
file mkdir E:/Learn/College/lab06_board/lab06.srcs/constrs_1
file mkdir E:/Learn/College/lab06_board/lab06.srcs/constrs_1/new
close [ open E:/Learn/College/lab06_board/lab06.srcs/constrs_1/new/lab06.xdc w ]
add_files -fileset constrs_1 E:/Learn/College/lab06_board/lab06.srcs/constrs_1/new/lab06.xdc
import_files -norecurse E:/Learn/College/lab06_board/lab2_IP/lab2_IP/display.edif
import_files -norecurse E:/Learn/College/lab06_board/lab2_IP/lab2_IP/display.v
update_compile_order -fileset sources_1
launch_runs impl_1 -to_step write_bitstream -jobs 4
[Sun May  5 08:56:54 2019] Launched synth_1...
Run output will be captured here: E:/Learn/College/lab06_board/lab06.runs/synth_1/runme.log
[Sun May  5 08:56:54 2019] Launched impl_1...
Run output will be captured here: E:/Learn/College/lab06_board/lab06.runs/impl_1/runme.log
reset_run synth_1
launch_runs impl_1 -to_step write_bitstream -jobs 4
[Sun May  5 09:01:10 2019] Launched synth_1...
Run output will be captured here: E:/Learn/College/lab06_board/lab06.runs/synth_1/runme.log
[Sun May  5 09:01:10 2019] Launched impl_1...
Run output will be captured here: E:/Learn/College/lab06_board/lab06.runs/impl_1/runme.log
update_compile_order -fileset sources_1
update_compile_order -fileset sources_1
reset_run synth_1
launch_runs impl_1 -to_step write_bitstream -jobs 4
[Sun May  5 09:05:14 2019] Launched synth_1...
Run output will be captured here: E:/Learn/College/lab06_board/lab06.runs/synth_1/runme.log
[Sun May  5 09:05:14 2019] Launched impl_1...
Run output will be captured here: E:/Learn/College/lab06_board/lab06.runs/impl_1/runme.log
reset_run synth_1
launch_runs impl_1 -to_step write_bitstream -jobs 4
[Sun May  5 09:10:59 2019] Launched synth_1...
Run output will be captured here: E:/Learn/College/lab06_board/lab06.runs/synth_1/runme.log
[Sun May  5 09:10:59 2019] Launched impl_1...
Run output will be captured here: E:/Learn/College/lab06_board/lab06.runs/impl_1/runme.log
reset_run synth_1
launch_runs impl_1 -to_step write_bitstream -jobs 4
[Sun May  5 09:11:17 2019] Launched synth_1...
Run output will be captured here: E:/Learn/College/lab06_board/lab06.runs/synth_1/runme.log
[Sun May  5 09:11:17 2019] Launched impl_1...
Run output will be captured here: E:/Learn/College/lab06_board/lab06.runs/impl_1/runme.log
open_hw
exit
INFO: [Common 17-206] Exiting Vivado at Sun May  5 09:13:24 2019...
