#-----------------------------------------------------------
# Vivado v2018.3 (64-bit)
# SW Build 2405991 on Thu Dec  6 23:38:27 MST 2018
# IP Build 2404404 on Fri Dec  7 01:43:56 MST 2018
# Start of session at: Sun May  5 08:02:55 2019
# Process ID: 25860
# Current directory: E:/Learn/College/lab06
# Command line: vivado.exe -gui_launcher_event rodinguilauncherevent25828 E:\Learn\College\lab06\lab06.xpr
# Log file: E:/Learn/College/lab06/vivado.log
# Journal file: E:/Learn/College/lab06\vivado.jou
#-----------------------------------------------------------
start_gui
open_project E:/Learn/College/lab06/lab06.xpr
Scanning sources...
Finished scanning sources
INFO: [IP_Flow 19-234] Refreshing IP repositories
INFO: [IP_Flow 19-1704] No user IP repositories specified
INFO: [IP_Flow 19-2313] Loaded Vivado IP repository 'F:/Xilinx/Vivado/2018.3/data/ip'.
open_project: Time (s): cpu = 00:00:12 ; elapsed = 00:00:13 . Memory (MB): peak = 681.875 ; gain = 98.816
update_compile_order -fileset sources_1
exit
INFO: [Common 17-206] Exiting Vivado at Sun May  5 08:05:43 2019...
