#-----------------------------------------------------------
# Vivado v2018.3 (64-bit)
# SW Build 2405991 on Thu Dec  6 23:38:27 MST 2018
# IP Build 2404404 on Fri Dec  7 01:43:56 MST 2018
# Start of session at: Wed Apr 24 10:35:38 2019
# Process ID: 7716
# Current directory: E:/archlabs/lab02
# Command line: vivado.exe -gui_launcher_event rodinguilauncherevent9524 E:\archlabs\lab02\lab02.xpr
# Log file: E:/archlabs/lab02/vivado.log
# Journal file: E:/archlabs/lab02\vivado.jou
#-----------------------------------------------------------
start_gui
open_project E:/archlabs/lab02/lab02.xpr
Scanning sources...
Finished scanning sources
INFO: [IP_Flow 19-234] Refreshing IP repositories
INFO: [IP_Flow 19-1704] No user IP repositories specified
INFO: [IP_Flow 19-2313] Loaded Vivado IP repository 'C:/Xilinx_Vivado/Vivado/2018.3/data/ip'.
open_project: Time (s): cpu = 00:00:14 ; elapsed = 00:00:08 . Memory (MB): peak = 775.598 ; gain = 165.461
update_compile_order -fileset sources_1
exit
INFO: [Common 17-206] Exiting Vivado at Wed Apr 24 11:52:03 2019...
