#-----------------------------------------------------------
# Vivado v2018.3 (64-bit)
# SW Build 2405991 on Thu Dec  6 23:38:27 MST 2018
# IP Build 2404404 on Fri Dec  7 01:43:56 MST 2018
# Start of session at: Wed Apr 24 09:51:59 2019
# Process ID: 7484
# Current directory: E:/archlabs/lab05
# Command line: vivado.exe -gui_launcher_event rodinguilauncherevent3268 E:\archlabs\lab05\lab05.xpr
# Log file: E:/archlabs/lab05/vivado.log
# Journal file: E:/archlabs/lab05\vivado.jou
#-----------------------------------------------------------
start_gui
open_project E:/archlabs/lab05/lab05.xpr
Scanning sources...
Finished scanning sources
INFO: [IP_Flow 19-234] Refreshing IP repositories
INFO: [IP_Flow 19-1704] No user IP repositories specified
INFO: [Common 17-41] Interrupt caught. Command should exit soon.
INFO: [IP_Flow 19-2313] Loaded Vivado IP repository 'C:/Xilinx_Vivado/Vivado/2018.3/data/ip'.
INFO: [IP_Flow 19-2338] Canceling the changes to the IP catalog. Reverting the catalog back to its previous state.
INFO: [IP_Flow 19-2340] The IP catalog has been returned to its previous state.
INFO: [Common 17-344] 'open_project' was cancelled
exit
INFO: [Common 17-206] Exiting Vivado at Wed Apr 24 10:11:48 2019...
